Using pre-set license
Built from '2020.3/staging' branch; Version is '2020.3.4f1 (0abb6314276a) revision 703331'; Using compiler version '192528614'; Build Type 'Release'
OS: 'Windows 10 Pro; OS build 19041.928; Version 2004; 64bit' Language: 'en' Physical Memory: 16310 MB
BatchMode: 1, IsHumanControllingUs: 0, StartBugReporterOnCrash: 0, Is64bit: 1, IsPro: 0

 COMMAND LINE ARGUMENTS:
C:\Program Files\Unity\Hub\Editor\2020.3.4f1\Editor\Unity.exe
-adb2
-batchMode
-noUpm
-name
AssetImportWorker0
-projectPath
C:/Users/gagee/Unity/Car
-logFile
Logs/AssetImportWorker0.log
-srvPort
54577
Successfully changed project path to: C:/Users/gagee/Unity/Car
C:/Users/gagee/Unity/Car
Using Asset Import Pipeline V2.
Refreshing native plugins compatible for Editor in 25.38 ms, found 0 plugins.
Preloading 0 native plugins for Editor in 0.00 ms.
Initialize engine version: 2020.3.4f1 (0abb6314276a)
[Subsystems] Discovering subsystems at path C:/Program Files/Unity/Hub/Editor/2020.3.4f1/Editor/Data/Resources/UnitySubsystems
[Subsystems] Discovering subsystems at path C:/Users/gagee/Unity/Car/Assets
GfxDevice: creating device client; threaded=0
Direct3D:
    Version:  Direct3D 11.0 [level 11.1]
    Renderer: NVIDIA GeForce GTX 960 (ID=0x1401)
    Vendor:   
    VRAM:     4053 MB
    Driver:   27.21.14.6109
Initialize mono
Mono path[0] = 'C:/Program Files/Unity/Hub/Editor/2020.3.4f1/Editor/Data/Managed'
Mono path[1] = 'C:/Program Files/Unity/Hub/Editor/2020.3.4f1/Editor/Data/MonoBleedingEdge/lib/mono/unityjit'
Mono config path = 'C:/Program Files/Unity/Hub/Editor/2020.3.4f1/Editor/Data/MonoBleedingEdge/etc'
Using monoOptions --debugger-agent=transport=dt_socket,embedding=1,server=y,suspend=n,address=127.0.0.1:56852
Begin MonoManager ReloadAssembly
Registering precompiled unity dll's ...
Register platform support module: C:/Program Files/Unity/Hub/Editor/2020.3.4f1/Editor/Data/PlaybackEngines/WebGLSupport/UnityEditor.WebGL.Extensions.dll
Register platform support module: C:/Program Files/Unity/Hub/Editor/2020.3.4f1/Editor/Data/PlaybackEngines/WindowsStandaloneSupport/UnityEditor.WindowsStandalone.Extensions.dll
Registered in 0.003155 seconds.
Native extension for WindowsStandalone target not found
Native extension for WebGL target not found
Refreshing native plugins compatible for Editor in 30.09 ms, found 0 plugins.
Preloading 0 native plugins for Editor in 0.00 ms.
Mono: successfully reloaded assembly
- Completed reload, in  1.506 seconds
Platform modules already initialized, skipping
Registering precompiled user dll's ...
Registered in 0.000917 seconds.
Begin MonoManager ReloadAssembly
Native extension for WindowsStandalone target not found
Native extension for WebGL target not found
Refreshing native plugins compatible for Editor in 0.35 ms, found 0 plugins.
Preloading 0 native plugins for Editor in 0.00 ms.
Mono: successfully reloaded assembly
- Completed reload, in  1.037 seconds
Platform modules already initialized, skipping
========================================================================
Worker process is ready to serve import requests
Launched and connected shader compiler UnityShaderCompiler.exe after 0.11 seconds
Refreshing native plugins compatible for Editor in 0.24 ms, found 0 plugins.
Preloading 0 native plugins for Editor in 0.00 ms.
Unloading 1115 Unused Serialized files (Serialized files now loaded: 0)
System memory in use before: 57.1 MB.
System memory in use after: 57.1 MB.

Unloading 10 unused Assets to reduce memory usage. Loaded Objects now: 1557.
Total: 3.110300 ms (FindLiveObjects: 0.401200 ms CreateObjectMapping: 0.164300 ms MarkObjects: 2.446700 ms  DeleteObjects: 0.095800 ms)

========================================================================
Received Import Request.
  path: Assets/Scenes/SampleScene.unity
  artifactKey: Guid(9fc0d4010bbf28b4594072e72b8655ab) Importer(815301076,1909f56bfc062723c751e8b465ee728b)
Start importing Assets/Scenes/SampleScene.unity using Guid(9fc0d4010bbf28b4594072e72b8655ab) Importer(815301076,1909f56bfc062723c751e8b465ee728b)  -> (artifact id: 'a0dd8c018c451bceae1e1302a1531463') in 0.018686 seconds
  Import took 0.021068 seconds .

========================================================================
Received Import Request.
  Time since last request: 2621.749995 seconds.
  path: Assets/Scenes/Car.prefab
  artifactKey: Guid(ad5982606c736bf47ae41374e1e67128) Importer(815301076,1909f56bfc062723c751e8b465ee728b)
Start importing Assets/Scenes/Car.prefab using Guid(ad5982606c736bf47ae41374e1e67128) Importer(815301076,1909f56bfc062723c751e8b465ee728b)  -> (artifact id: '5f59a759f23259e89d9562cd1368e104') in 0.122998 seconds
  Import took 0.125735 seconds .

========================================================================
Received Import Request.
  Time since last request: 104.850824 seconds.
  path: Assets/Scenes/Car.prefab
  artifactKey: Guid(ad5982606c736bf47ae41374e1e67128) Importer(815301076,1909f56bfc062723c751e8b465ee728b)
Start importing Assets/Scenes/Car.prefab using Guid(ad5982606c736bf47ae41374e1e67128) Importer(815301076,1909f56bfc062723c751e8b465ee728b)  -> (artifact id: '63727cc8b371f636415285012c891a42') in 0.021813 seconds
  Import took 0.024377 seconds .

========================================================================
Received Import Request.
  Time since last request: 2239.384231 seconds.
  path: Assets/Scenes/Sign.prefab
  artifactKey: Guid(adcd9afd228fc6d4caab6e8fd8447008) Importer(815301076,1909f56bfc062723c751e8b465ee728b)
Start importing Assets/Scenes/Sign.prefab using Guid(adcd9afd228fc6d4caab6e8fd8447008) Importer(815301076,1909f56bfc062723c751e8b465ee728b)  -> (artifact id: '9ebd12a6fca2ec1b80a7134233d97a4e') in 0.023256 seconds
  Import took 0.026156 seconds .

========================================================================
Received Import Request.
  Time since last request: 0.003086 seconds.
  path: Assets/Scenes/Sign.prefab
  artifactKey: Guid(adcd9afd228fc6d4caab6e8fd8447008) Importer(815301076,1909f56bfc062723c751e8b465ee728b)
Start importing Assets/Scenes/Sign.prefab using Guid(adcd9afd228fc6d4caab6e8fd8447008) Importer(815301076,1909f56bfc062723c751e8b465ee728b)  -> (artifact id: '9ebd12a6fca2ec1b80a7134233d97a4e') in 0.009734 seconds
  Import took 0.012312 seconds .

========================================================================
Received Import Request.
  Time since last request: 235314.531519 seconds.
  path: Assets/Scenes/Sign.prefab
  artifactKey: Guid(adcd9afd228fc6d4caab6e8fd8447008) Importer(815301076,1909f56bfc062723c751e8b465ee728b)
Start importing Assets/Scenes/Sign.prefab using Guid(adcd9afd228fc6d4caab6e8fd8447008) Importer(815301076,1909f56bfc062723c751e8b465ee728b)  -> (artifact id: '2b17fa9934ad4d2ba2afcff5dc238f5f') in 0.055913 seconds
  Import took 0.060574 seconds .

========================================================================
Received Import Request.
  Time since last request: 0.006775 seconds.
  path: Assets/Scenes/Sign.prefab
  artifactKey: Guid(adcd9afd228fc6d4caab6e8fd8447008) Importer(815301076,1909f56bfc062723c751e8b465ee728b)
Start importing Assets/Scenes/Sign.prefab using Guid(adcd9afd228fc6d4caab6e8fd8447008) Importer(815301076,1909f56bfc062723c751e8b465ee728b)  -> (artifact id: '2b17fa9934ad4d2ba2afcff5dc238f5f') in 0.015636 seconds
  Import took 0.018475 seconds .

AssetImportWorkerClient::OnTransportError - code=2 error=End of file
